[1013/172807.598:ERROR:directory_reader_win.cc(43)] FindFirstFile: O sistema não pode encontrar o caminho especificado. (0x3)
[1014/172120.886:ERROR:exit_code_watcher_win.cc(87)] Failed to wait for process exit or stop event
[1014/193747.047:ERROR:process_reader_win.cc(151)] SuspendThread: Acesso negado. (0x5)
[1014/193747.047:ERROR:process_reader_win.cc(151)] SuspendThread: Acesso negado. (0x5)
[1014/193747.047:ERROR:process_reader_win.cc(151)] SuspendThread: Acesso negado. (0x5)
[1014/193747.047:ERROR:process_reader_win.cc(151)] SuspendThread: Acesso negado. (0x5)
[1014/193747.047:ERROR:process_reader_win.cc(151)] SuspendThread: Acesso negado. (0x5)
[1014/193747.047:ERROR:process_reader_win.cc(151)] SuspendThread: Acesso negado. (0x5)
[1014/193747.047:ERROR:process_reader_win.cc(151)] SuspendThread: Acesso negado. (0x5)
[1014/193747.047:ERROR:process_reader_win.cc(151)] SuspendThread: Acesso negado. (0x5)
[1014/193747.047:ERROR:process_reader_win.cc(151)] SuspendThread: Acesso negado. (0x5)
[1014/193747.047:ERROR:process_reader_win.cc(151)] SuspendThread: Acesso negado. (0x5)
[1014/193747.047:ERROR:process_reader_win.cc(151)] SuspendThread: Acesso negado. (0x5)
[1014/193747.047:ERROR:process_reader_win.cc(151)] SuspendThread: Acesso negado. (0x5)
[1014/193747.047:ERROR:process_reader_win.cc(151)] SuspendThread: Acesso negado. (0x5)
[1014/193747.047:ERROR:process_reader_win.cc(151)] SuspendThread: Acesso negado. (0x5)
[1014/193747.063:ERROR:process_reader_win.cc(123)] NtOpenThread: {Acesso Negado} Um processo solicitou acesso a um objeto, mas o direito de acesso não lhe foi concedido. (0xc0000022)
[1014/193747.063:ERROR:exception_snapshot_win.cc(99)] thread ID 9320 not found in process
[1014/193747.047:ERROR:process_reader_win.cc(123)] NtOpenThread: {Acesso Negado} Um processo solicitou acesso a um objeto, mas o direito de acesso não lhe foi concedido. (0xc0000022)
[1014/193747.063:ERROR:exception_snapshot_win.cc(99)] thread ID 12964 not found in process
[1014/193747.063:ERROR:process_reader_win.cc(151)] SuspendThread: Acesso negado. (0x5)
[1014/193747.063:ERROR:process_reader_win.cc(151)] SuspendThread: Acesso negado. (0x5)
[1014/193747.063:ERROR:process_reader_win.cc(151)] SuspendThread: Acesso negado. (0x5)
[1014/193747.063:ERROR:process_reader_win.cc(151)] SuspendThread: Acesso negado. (0x5)
[1014/193747.063:ERROR:process_reader_win.cc(151)] SuspendThread: Acesso negado. (0x5)
[1014/193747.063:ERROR:process_reader_win.cc(151)] SuspendThread: Acesso negado. (0x5)
[1014/193747.063:ERROR:process_reader_win.cc(151)] SuspendThread: Acesso negado. (0x5)
[1014/193747.063:ERROR:process_reader_win.cc(151)] SuspendThread: Acesso negado. (0x5)
[1014/193747.063:ERROR:process_reader_win.cc(151)] SuspendThread: Acesso negado. (0x5)
[1014/193747.063:ERROR:process_reader_win.cc(151)] SuspendThread: Acesso negado. (0x5)
[1014/193747.063:ERROR:process_reader_win.cc(151)] SuspendThread: Acesso negado. (0x5)
[1014/193747.063:ERROR:process_reader_win.cc(151)] SuspendThread: Acesso negado. (0x5)
[1014/193747.063:ERROR:process_reader_win.cc(123)] NtOpenThread: {Acesso Negado} Um processo solicitou acesso a um objeto, mas o direito de acesso não lhe foi concedido. (0xc0000022)
[1014/193747.063:ERROR:exception_snapshot_win.cc(99)] thread ID 13816 not found in process
[1014/193747.094:ERROR:process_reader_win.cc(151)] SuspendThread: Acesso negado. (0x5)
[1014/193747.094:ERROR:process_reader_win.cc(151)] SuspendThread: Acesso negado. (0x5)
[1014/193747.094:ERROR:process_reader_win.cc(151)] SuspendThread: Acesso negado. (0x5)
[1014/193747.094:ERROR:process_reader_win.cc(151)] SuspendThread: Acesso negado. (0x5)
[1014/193747.094:ERROR:process_reader_win.cc(151)] SuspendThread: Acesso negado. (0x5)
[1014/193747.094:ERROR:process_reader_win.cc(151)] SuspendThread: Acesso negado. (0x5)
[1014/193747.094:ERROR:process_reader_win.cc(151)] SuspendThread: Acesso negado. (0x5)
[1014/193747.094:ERROR:process_reader_win.cc(151)] SuspendThread: Acesso negado. (0x5)
[1014/193747.094:ERROR:process_reader_win.cc(151)] SuspendThread: Acesso negado. (0x5)
[1014/193747.094:ERROR:process_reader_win.cc(151)] SuspendThread: Acesso negado. (0x5)
[1014/193747.094:ERROR:process_reader_win.cc(151)] SuspendThread: Acesso negado. (0x5)
[1014/193747.094:ERROR:process_reader_win.cc(151)] SuspendThread: Acesso negado. (0x5)
[1014/193747.094:ERROR:process_reader_win.cc(151)] SuspendThread: Acesso negado. (0x5)
[1014/193747.094:ERROR:process_reader_win.cc(123)] NtOpenThread: {Acesso Negado} Um processo solicitou acesso a um objeto, mas o direito de acesso não lhe foi concedido. (0xc0000022)
[1014/193747.094:ERROR:exception_snapshot_win.cc(99)] thread ID 7916 not found in process
[1014/193747.110:ERROR:process_reader_win.cc(151)] SuspendThread: Acesso negado. (0x5)
[1014/193747.110:ERROR:process_reader_win.cc(151)] SuspendThread: Acesso negado. (0x5)
[1014/193747.110:ERROR:process_reader_win.cc(151)] SuspendThread: Acesso negado. (0x5)
[1014/193747.110:ERROR:process_reader_win.cc(151)] SuspendThread: Acesso negado. (0x5)
[1014/193747.110:ERROR:process_reader_win.cc(151)] SuspendThread: Acesso negado. (0x5)
[1014/193747.110:ERROR:process_reader_win.cc(151)] SuspendThread: Acesso negado. (0x5)
[1014/193747.110:ERROR:process_reader_win.cc(151)] SuspendThread: Acesso negado. (0x5)
[1014/193747.110:ERROR:process_reader_win.cc(151)] SuspendThread: Acesso negado. (0x5)
[1014/193747.110:ERROR:process_reader_win.cc(151)] SuspendThread: Acesso negado. (0x5)
[1014/193747.110:ERROR:process_reader_win.cc(151)] SuspendThread: Acesso negado. (0x5)
[1014/193747.110:ERROR:process_reader_win.cc(151)] SuspendThread: Acesso negado. (0x5)
[1014/193747.110:ERROR:process_reader_win.cc(151)] SuspendThread: Acesso negado. (0x5)
[1014/193747.110:ERROR:process_reader_win.cc(123)] NtOpenThread: {Acesso Negado} Um processo solicitou acesso a um objeto, mas o direito de acesso não lhe foi concedido. (0xc0000022)
[1014/193747.110:ERROR:exception_snapshot_win.cc(99)] thread ID 16932 not found in process
[1014/193747.125:ERROR:process_reader_win.cc(151)] SuspendThread: Acesso negado. (0x5)
[1014/193747.125:ERROR:process_reader_win.cc(151)] SuspendThread: Acesso negado. (0x5)
[1014/193747.125:ERROR:process_reader_win.cc(151)] SuspendThread: Acesso negado. (0x5)
[1014/193747.125:ERROR:process_reader_win.cc(151)] SuspendThread: Acesso negado. (0x5)
[1014/193747.125:ERROR:process_reader_win.cc(151)] SuspendThread: Acesso negado. (0x5)
[1014/193747.125:ERROR:process_reader_win.cc(151)] SuspendThread: Acesso negado. (0x5)
[1014/193747.125:ERROR:process_reader_win.cc(151)] SuspendThread: Acesso negado. (0x5)
[1014/193747.125:ERROR:process_reader_win.cc(151)] SuspendThread: Acesso negado. (0x5)
[1014/193747.125:ERROR:process_reader_win.cc(151)] SuspendThread: Acesso negado. (0x5)
[1014/193747.125:ERROR:process_reader_win.cc(151)] SuspendThread: Acesso negado. (0x5)
[1014/193747.125:ERROR:process_reader_win.cc(151)] SuspendThread: Acesso negado. (0x5)
[1014/193747.125:ERROR:process_reader_win.cc(151)] SuspendThread: Acesso negado. (0x5)
[1014/193747.125:ERROR:process_reader_win.cc(123)] NtOpenThread: {Acesso Negado} Um processo solicitou acesso a um objeto, mas o direito de acesso não lhe foi concedido. (0xc0000022)
[1014/193747.125:ERROR:exception_snapshot_win.cc(99)] thread ID 16008 not found in process
[1014/193747.141:ERROR:process_reader_win.cc(151)] SuspendThread: Acesso negado. (0x5)
[1014/193747.141:ERROR:process_reader_win.cc(151)] SuspendThread: Acesso negado. (0x5)
[1014/193747.141:ERROR:process_reader_win.cc(151)] SuspendThread: Acesso negado. (0x5)
[1014/193747.141:ERROR:process_reader_win.cc(151)] SuspendThread: Acesso negado. (0x5)
[1014/193747.141:ERROR:process_reader_win.cc(151)] SuspendThread: Acesso negado. (0x5)
[1014/193747.141:ERROR:process_reader_win.cc(151)] SuspendThread: Acesso negado. (0x5)
[1014/193747.141:ERROR:process_reader_win.cc(151)] SuspendThread: Acesso negado. (0x5)
[1014/193747.141:ERROR:process_reader_win.cc(151)] SuspendThread: Acesso negado. (0x5)
[1014/193747.141:ERROR:process_reader_win.cc(151)] SuspendThread: Acesso negado. (0x5)
[1014/193747.141:ERROR:process_reader_win.cc(151)] SuspendThread: Acesso negado. (0x5)
[1014/193747.141:ERROR:process_reader_win.cc(151)] SuspendThread: Acesso negado. (0x5)
[1014/193747.141:ERROR:process_reader_win.cc(151)] SuspendThread: Acesso negado. (0x5)
[1014/193747.141:ERROR:process_reader_win.cc(151)] SuspendThread: Acesso negado. (0x5)
[1014/193747.141:ERROR:process_reader_win.cc(151)] SuspendThread: Acesso negado. (0x5)
[1014/193747.141:ERROR:process_reader_win.cc(123)] NtOpenThread: {Acesso Negado} Um processo solicitou acesso a um objeto, mas o direito de acesso não lhe foi concedido. (0xc0000022)
[1014/193747.141:ERROR:exception_snapshot_win.cc(99)] thread ID 15464 not found in process
